Discovering target: Default
Discovering tests from assembly: C:\Users\mrench\Documents\PAR\ParLaborScheduler\Par_Automation\Par_Automation\bin\Debug\Par_Automation.dll
Appdomain Disposed
Test Suite Dump
#0: SpecFlow/Firefox_win_10 - 
#1: Default - 
#2: Par_Automation - 
#3: Labor Scheduler Select Store - 
#4: Select Store verify schedule - TestAssembly:Par_Automation/Feature:Labor+Scheduler+Select+Store/Scenario:Select+Store+verify+schedule
#5: Select Store verify date - TestAssembly:Par_Automation/Feature:Labor+Scheduler+Select+Store/Scenario:Select+Store+verify+date
#6: Select Store verify employees - TestAssembly:Par_Automation/Feature:Labor+Scheduler+Select+Store/Scenario:Select+Store+verify+employees
#7: Select Store verify date range - TestAssembly:Par_Automation/Feature:Labor+Scheduler+Select+Store/Scenario:Select+Store+verify+date+range
End: Test Suite Dump
Thread#0:Scheduler: get next test for thread
Thread#:Scheduler: testitem #4 from normal test queue 
Thread#0:Scheduler: considering testitem #4 for thread
Thread#0:Scheduler: using testitem #4 for thread
Thread#0:Scheduler: Test #4 is scheduled for thread
Thread#0:Scheduler: with testItemExecutionIndex 0
Thread#2:Scheduler: get next test for thread
Thread#:Scheduler: testitem #5 from normal test queue 
Thread#2:Scheduler: considering testitem #5 for thread
Thread#2:Scheduler: using testitem #5 for thread
Thread#2:Scheduler: Test #5 is scheduled for thread
Thread#2:Scheduler: with testItemExecutionIndex 2
Thread#1:Scheduler: get next test for thread
Thread#:Scheduler: testitem #6 from normal test queue 
Thread#1:Scheduler: considering testitem #6 for thread
Thread#1:Scheduler: using testitem #6 for thread
Thread#1:Scheduler: Test #6 is scheduled for thread
Thread#1:Scheduler: with testItemExecutionIndex 1
Thread#3:Scheduler: get next test for thread
Thread#:Scheduler: testitem #7 from normal test queue 
Thread#3:Scheduler: considering testitem #7 for thread
Thread#3:Scheduler: using testitem #7 for thread
Thread#3:Scheduler: Test #7 is scheduled for thread
Thread#3:Scheduler: with testItemExecutionIndex 3
Thread #1: creating new test thread executor for Par_Automation, Version=1.0.0.0, Culture=neutral, PublicKeyToken=null (target: Default)
Thread #2: creating new test thread executor for Par_Automation, Version=1.0.0.0, Culture=neutral, PublicKeyToken=null (target: Default)
Thread #0: creating new test thread executor for Par_Automation, Version=1.0.0.0, Culture=neutral, PublicKeyToken=null (target: Default)
Thread #3: creating new test thread executor for Par_Automation, Version=1.0.0.0, Culture=neutral, PublicKeyToken=null (target: Default)
Loading SpecRun type 'TechTalk.SpecRun.Framework.TestAssemblyExecutor' from: C:\Users\mrench\Documents\PAR\ParLaborScheduler\Par_Automation\packages\SpecRun.Runner.1.5.2\tools\TechTalk.SpecRun.Framework.Executor.dll
Loading SpecRun type 'TechTalk.SpecRun.Framework.TestAssemblyExecutor' from: C:\Users\mrench\Documents\PAR\ParLaborScheduler\Par_Automation\packages\SpecRun.Runner.1.5.2\tools\TechTalk.SpecRun.Framework.Executor.dll
Loading SpecRun type 'TechTalk.SpecRun.Framework.TestAssemblyExecutor' from: C:\Users\mrench\Documents\PAR\ParLaborScheduler\Par_Automation\packages\SpecRun.Runner.1.5.2\tools\TechTalk.SpecRun.Framework.Executor.dll
Loading SpecRun type 'TechTalk.SpecRun.Framework.TestAssemblyExecutor' from: C:\Users\mrench\Documents\PAR\ParLaborScheduler\Par_Automation\packages\SpecRun.Runner.1.5.2\tools\TechTalk.SpecRun.Framework.Executor.dll
Thread#1: Test #6/0 is started on thread #1
Thread#3: Test #7/0 is started on thread #3
Thread#0: Test #4/0 is started on thread #0
Thread#2: Test #5/0 is started on thread #2
Thread#0:B:Given I am logged into the labor scheduler as an admin
Thread#3:B:Given I am logged into the labor scheduler as an admin
Thread#2:B:Given I am logged into the labor scheduler as an admin
Thread#1:B:Given I am logged into the labor scheduler as an admin
Thread#1:T:done: SeleniumSteps.GivenIAmLoggedIntoLaborSchedulerAsAdmin() (5.6s)
Thread#1:B:When I select a store
Thread#2:T:done: SeleniumSteps.GivenIAmLoggedIntoLaborSchedulerAsAdmin() (11.7s)
Thread#2:B:When I select a store
Thread#3:T:done: SeleniumSteps.GivenIAmLoggedIntoLaborSchedulerAsAdmin() (12.0s)
Thread#3:B:When I select a store
Thread#0:T:done: SeleniumSteps.GivenIAmLoggedIntoLaborSchedulerAsAdmin() (12.6s)
Thread#0:B:When I select a store
Thread#1:T:error: Could not find element by: By.CssSelector: a.select2-choice
Thread#1:B:Then I should see the expected schedule
Thread#1:T:skipped because of previous errors
Cancelling because configured number of failures reached
Thread#2:T:done: SeleniumSteps.WhenISelectAStore() (0.6s)
Thread#2:B:Then I should see the current date
Thread#2:T:done: SeleniumSteps.IShouldSeeTheCurrentDate() (0.0s)
Thread#1: Test #6/0 is finished on thread #1 as Failed within 23.9018938 seconds
Appdomain Disposed
Thread#3:T:done: SeleniumSteps.WhenISelectAStore() (0.6s)
Thread#3:B:Then I should see the current date
Thread#3:T:done: SeleniumSteps.IShouldSeeTheCurrentDate() (0.0s)
Thread#2: Test #5/0 is finished on thread #2 as Succeeded within 23.9833537 seconds
Appdomain Disposed
Thread#0:T:done: SeleniumSteps.WhenISelectAStore() (0.6s)
Thread#0:B:Then I should see the expected schedule
Thread#0:T:done: SeleniumSteps.IShouldSeeTheExpectedSchedule() (0.0s)
Thread#3: Test #7/0 is finished on thread #3 as Succeeded within 24.1595399 seconds
Appdomain Disposed
Thread#0: Test #4/0 is finished on thread #0 as Succeeded within 24.298098 seconds
Appdomain Disposed
Thread#-1:Scheduler: get next test for thread
Thread#:Scheduler: at the end of normal test queue
Thread#-1:Scheduler: enumerator for thread is at end
Total: 4
Succeeded: 3
Ignored: 0
Pending: 0
Skipped: 0
Failed: 1
