Discovering target: Default
Discovering tests from assembly: C:\Users\mrench\Documents\Visual Studio 2015\Projects\SpecFlow\SpecFlow\bin\Debug\SpecFlow.dll
Appdomain Disposed
Test Suite Dump
#0: SpecFlow/Default - 
#1: Default - 
#2: SpecFlow - 
#3: Selenium Example - 
#4: Check Search Results - TestAssembly:SpecFlow/Feature:Selenium+Example/Scenario:Check+Search+Results
End: Test Suite Dump
Thread#0:Scheduler: get next test for thread
Thread#:Scheduler: testitem #4 from normal test queue 
Thread#0:Scheduler: considering testitem #4 for thread
Thread#0:Scheduler: using testitem #4 for thread
Thread#0:Scheduler: Test #4 is scheduled for thread
Thread#0:Scheduler: with testItemExecutionIndex 0
Thread #0: creating new test thread executor for SpecFlow, Version=1.0.0.0, Culture=neutral, PublicKeyToken=null (target: Default)
Loading SpecRun type 'TechTalk.SpecRun.Framework.TestAssemblyExecutor' from: C:\Users\mrench\Documents\Visual Studio 2015\Projects\SpecFlow\packages\SpecRun.Runner.1.5.2\tools\TechTalk.SpecRun.Framework.Executor.dll
Thread#0: Test #4/0 is started on thread #0
Thread#0:B:Given I navigate to the teamliquid website
Thread#0:T:done: SeleniumSteps.GivenINavigateToTeamliquid() (4.4s)
Thread#0:B:When I search for 'blah'
Thread#0:T:done: SeleniumSteps.WhenISearchFor("blah") (0.5s)
Thread#0:B:Then I should see 'blah' in the search results
Thread#0:T:blah
Thread#0:T:DoA's Post about SC2 vs LoL blah blah blah
Thread#0:T:blah bla
Thread#0:T:Blah Blah
Thread#0:T:blah medical wait lines t_t
Thread#0:T:Blah-inization of culture
Thread#0:T:blah college search
Thread#0:T:blah blah
Thread#0:T:blah blah blah
Thread#0:T:blah
Thread#0:T:Blah! I'm Too Effing Young For This~!!
Thread#0:T:done: SeleniumSteps.ThenIShouldSeeSearchResults("blah") (0.8s)
Thread#0:Scheduler: get next test for thread
Thread#:Scheduler: at the end of normal test queue
Thread#0:Scheduler: enumerator for thread is at end
Thread#0:Scheduler: No more tests for thread 
Thread#0: Test #4/0 is finished on thread #0 as Succeeded within 11.1069437 seconds
Appdomain Disposed
Thread#-1:Scheduler: get next test for thread
Thread#:Scheduler: at the end of normal test queue
Thread#-1:Scheduler: enumerator for thread is at end
Total: 1
Succeeded: 1
Ignored: 0
Pending: 0
Skipped: 0
Failed: 0
